<?xml version="1.0" encoding="UTF-8"?>
<!-- Generated by org.testng.reporters.JUnitReportReporter -->
<testsuite hostname="MohamedJamal" failures="0" tests="1" name="org.groupID.testArtifactID.TestSignInPage" time="19.530" errors="0" timestamp="2024-12-17T20:51:15 EET" skipped="0">
  <testcase classname="org.groupID.testArtifactID.TestSignInPage" name="SignIn" time="19.530"/>
</testsuite> <!-- org.groupID.testArtifactID.TestSignInPage -->
