<?xml version="1.0" encoding="UTF-8"?>
<!-- Generated by org.testng.reporters.JUnitReportReporter -->
<testsuite hostname="MohamedJamal" failures="0" tests="2" name="TestAdmin.TestAdminSearchPage" time="34.127" errors="0" timestamp="2025-02-06T20:55:05 EET" skipped="0">
  <testcase classname="TestAdmin.TestAdminSearchPage" name="verfiyResetSearchButton" time="10.451"/>
  <testcase classname="TestAdmin.TestAdminSearchPage" name="verifySearchSystemsUsersviaName" time="23.676"/>
</testsuite> <!-- TestAdmin.TestAdminSearchPage -->
