<?xml version="1.0" encoding="UTF-8"?>
<!-- Generated by org.testng.reporters.JUnitReportReporter -->
<testsuite hostname="MohamedJamal" failures="0" tests="1" name="TestFeatures.TestAdminPage" time="26.736" errors="0" timestamp="2025-01-14T22:56:56 EET" skipped="0">
  <testcase classname="TestFeatures.TestAdminPage" name="verifySearchSystemsUsersviaName" time="26.736"/>
</testsuite> <!-- TestFeatures.TestAdminPage -->
