<?xml version="1.0" encoding="UTF-8"?>
<!-- Generated by org.testng.reporters.JUnitReportReporter -->
<testsuite hostname="MohamedJamal" failures="0" tests="1" name="TestFeatures.TestLoginPage" time="25.004" errors="0" timestamp="2025-01-06T21:39:19 EET" skipped="0">
  <testcase classname="TestFeatures.TestLoginPage" name="SignIn" time="25.004"/>
</testsuite> <!-- TestFeatures.TestLoginPage -->
