<?xml version="1.0" encoding="UTF-8"?>
<!-- Generated by org.testng.reporters.JUnitReportReporter -->
<testsuite hostname="MohamedJamal" failures="0" tests="2" name="TestFeatures.TestAdminSearchPage" time="38.098" errors="0" timestamp="2025-01-18T22:44:44 EET" skipped="0">
  <testcase classname="TestFeatures.TestAdminSearchPage" name="verifySearchSystemsUsersviaName" time="22.593"/>
  <testcase classname="TestFeatures.TestAdminSearchPage" name="verfiyResetSearchButton" time="15.505"/>
</testsuite> <!-- TestFeatures.TestAdminSearchPage -->
