<?xml version="1.0" encoding="UTF-8"?>
<!-- Generated by org.testng.reporters.JUnitReportReporter -->
<testsuite hostname="MohamedJamal" failures="0" tests="1" name="TestFeatures.TestLoginLandingPage" time="17.745" errors="0" timestamp="2025-01-18T22:44:44 EET" skipped="0">
  <testcase classname="TestFeatures.TestLoginLandingPage" name="verifyLoginFuncationlaity" time="17.745"/>
</testsuite> <!-- TestFeatures.TestLoginLandingPage -->
