<?xml version="1.0" encoding="UTF-8"?>
<!-- Generated by org.testng.reporters.JUnitReportReporter -->
<testsuite hostname="MohamedJamal" failures="0" tests="1" name="TestAdmin.TestWorkShift" time="14.990" errors="0" timestamp="2025-01-26T11:54:27 EET" skipped="0">
  <testcase classname="TestAdmin.TestWorkShift" name="testWorkShiftCreationInvalidShift" time="14.990"/>
</testsuite> <!-- TestAdmin.TestWorkShift -->
