<?xml version="1.0" encoding="UTF-8"?>
<!-- Generated by org.testng.reporters.JUnitReportReporter -->
<testsuite hostname="MohamedJamal" failures="0" tests="1" name="org.groupID.testArtifactID.TestForgetPassword" time="11.400" errors="0" timestamp="2024-12-18T23:13:32 EET" skipped="0">
  <testcase classname="org.groupID.testArtifactID.TestForgetPassword" name="forgetPasswordMethod" time="11.400"/>
</testsuite> <!-- org.groupID.testArtifactID.TestForgetPassword -->
