<?xml version="1.0" encoding="UTF-8"?>
<!-- Generated by org.testng.reporters.JUnitReportReporter -->
<testsuite hostname="MohamedJamal" failures="0" tests="1" name="TestFeatures.TestDeleteSystemUsers" time="9.173" errors="0" timestamp="2025-01-21T15:56:15 EET" skipped="0">
  <testcase classname="TestFeatures.TestDeleteSystemUsers" name="testDeleteUsersNegativeScenario" time="9.173"/>
</testsuite> <!-- TestFeatures.TestDeleteSystemUsers -->
