<?xml version="1.0" encoding="UTF-8"?>
<!-- Generated by org.testng.reporters.JUnitReportReporter -->
<testsuite hostname="MohamedJamal" failures="0" tests="1" name="TestAdmin.TestJobTitle" time="19.200" errors="0" timestamp="2025-01-25T20:51:55 EET" skipped="0">
  <testcase classname="TestAdmin.TestJobTitle" name="testJobDeletion" time="19.200"/>
</testsuite> <!-- TestAdmin.TestJobTitle -->
