<?xml version="1.0" encoding="UTF-8"?>
<!-- Generated by org.testng.reporters.JUnitReportReporter -->
<testsuite hostname="MohamedJamal" failures="0" tests="1" name="TestFeatures.TrialUsage" time="8.406" errors="0" timestamp="2025-01-13T10:05:04 EET" skipped="0">
  <testcase classname="TestFeatures.TrialUsage" name="Trial" time="8.406"/>
</testsuite> <!-- TestFeatures.TrialUsage -->
