<?xml version="1.0" encoding="UTF-8"?>
<!-- Generated by org.testng.reporters.JUnitReportReporter -->
<testsuite hostname="MohamedJamal" failures="0" tests="1" name="TestAdmin.TestCorporateBranding" time="24.633" errors="0" timestamp="2025-02-06T20:55:05 EET" skipped="0">
  <testcase classname="TestAdmin.TestCorporateBranding" name="testEditCorporateBranding" time="24.633"/>
</testsuite> <!-- TestAdmin.TestCorporateBranding -->
