<?xml version="1.0" encoding="UTF-8"?>
<!-- Generated by org.testng.reporters.JUnitReportReporter -->
<testsuite hostname="MohamedJamal" failures="0" tests="1" name="TestFeatures.TestEditSystemUsers" time="13.865" errors="0" timestamp="2025-01-20T22:32:37 EET" skipped="0">
  <testcase classname="TestFeatures.TestEditSystemUsers" name="testAddUsersPositiveScenario" time="13.865"/>
</testsuite> <!-- TestFeatures.TestEditSystemUsers -->
