<?xml version="1.0" encoding="UTF-8"?>
<!-- Generated by org.testng.reporters.JUnitReportReporter -->
<testsuite hostname="MohamedJamal" failures="0" tests="1" name="TestAdmin.TestOrganization" time="18.984" errors="0" timestamp="2025-01-27T22:11:47 EET" skipped="0">
  <testcase classname="TestAdmin.TestOrganization" name="testOrgPositive" time="18.984"/>
</testsuite> <!-- TestAdmin.TestOrganization -->
