<?xml version="1.0" encoding="UTF-8"?>
<!-- Generated by org.testng.reporters.JUnitReportReporter -->
<testsuite hostname="MohamedJamal" failures="0" tests="2" name="TestAdmin.TestAdminSearchPage" time="14.694" errors="0" timestamp="2025-02-15T22:19:22 EET" skipped="0">
  <testcase classname="TestAdmin.TestAdminSearchPage" name="verfiyResetSearchButton" time="3.392"/>
  <testcase classname="TestAdmin.TestAdminSearchPage" name="verifySearchSystemsUsersviaName" time="11.302"/>
</testsuite> <!-- TestAdmin.TestAdminSearchPage -->
