<?xml version="1.0" encoding="UTF-8"?>
<!-- Generated by org.testng.reporters.JUnitReportReporter -->
<testsuite hostname="MohamedJamal" failures="0" tests="1" name="org.groupID.testArtifactID.ErrorValidationMessage" time="11.377" errors="0" timestamp="2024-12-17T16:10:34 EET" skipped="0">
  <testcase classname="org.groupID.testArtifactID.ErrorValidationMessage" name="testAJKhkj" time="11.377"/>
</testsuite> <!-- org.groupID.testArtifactID.ErrorValidationMessage -->
