<?xml version="1.0" encoding="UTF-8"?>
<!-- Generated by org.testng.reporters.JUnitReportReporter -->
<testsuite hostname="MohamedJamal" failures="0" tests="4" name="TestFeatures.TestSearchPage" time="43.920" errors="0" timestamp="2025-01-13T22:02:21 EET" skipped="0">
  <testcase classname="TestFeatures.TestSearchPage" name="testPositiveSearch" time="14.319"/>
  <testcase classname="TestFeatures.TestSearchPage" name="testNegativeSearch" time="9.031"/>
  <testcase classname="TestFeatures.TestSearchPage" name="testNegativeSearch" time="15.975"/>
  <testcase classname="TestFeatures.TestSearchPage" name="testPositiveSearch" time="4.595"/>
</testsuite> <!-- TestFeatures.TestSearchPage -->
