<?xml version="1.0" encoding="UTF-8"?>
<!-- Generated by org.testng.reporters.JUnitReportReporter -->
<testsuite hostname="MohamedJamal" failures="0" tests="3" name="TestAdmin.TestWorkShift" time="56.075" errors="0" timestamp="2025-02-06T20:55:05 EET" skipped="0">
  <testcase classname="TestAdmin.TestWorkShift" name="testWorkShiftCreationPositive" time="15.735"/>
  <testcase classname="TestAdmin.TestWorkShift" name="testWorkShiftCreationNameExisted" time="21.594"/>
  <testcase classname="TestAdmin.TestWorkShift" name="testWorkShiftCreationInvalidShift" time="18.746"/>
</testsuite> <!-- TestAdmin.TestWorkShift -->
