<?xml version="1.0" encoding="UTF-8"?>
<!-- Generated by org.testng.reporters.JUnitReportReporter -->
<testsuite hostname="MohamedJamal" failures="0" tests="1" name="TestFeatures.TestLandingPurchasingPage" time="6.158" errors="0" timestamp="2025-01-13T22:02:21 EET" skipped="0">
  <testcase classname="TestFeatures.TestLandingPurchasingPage" name="getCartInfo" time="6.158"/>
</testsuite> <!-- TestFeatures.TestLandingPurchasingPage -->
