<?xml version="1.0" encoding="UTF-8"?>
<!-- Generated by org.testng.reporters.JUnitReportReporter -->
<testsuite hostname="MohamedJamal" failures="0" tests="1" name="org.groupID.testArtifactID.TestLandingPage" time="11.263" errors="0" timestamp="2024-12-17T16:46:28 EET" skipped="0">
  <testcase classname="org.groupID.testArtifactID.TestLandingPage" name="testM" time="11.263"/>
</testsuite> <!-- org.groupID.testArtifactID.TestLandingPage -->
