<?xml version="1.0" encoding="UTF-8"?>
<!-- Generated by org.testng.reporters.JUnitReportReporter -->
<testsuite hostname="MohamedJamal" failures="0" tests="1" name="TestFeatures.TestClearItemInCart" time="6.182" errors="0" timestamp="2025-01-13T22:02:21 EET" skipped="0">
  <testcase classname="TestFeatures.TestClearItemInCart" name="ClearProductFromCart" time="6.182"/>
</testsuite> <!-- TestFeatures.TestClearItemInCart -->
