<?xml version="1.0" encoding="UTF-8"?>
<!-- Generated by org.testng.reporters.JUnitReportReporter -->
<testsuite hostname="MohamedJamal" failures="0" tests="3" name="TestAdmin.TestWorkShift" time="22.901" errors="0" timestamp="2025-02-15T22:19:22 EET" skipped="0">
  <testcase classname="TestAdmin.TestWorkShift" name="testWorkShiftCreationPositive" time="9.113"/>
  <testcase classname="TestAdmin.TestWorkShift" name="testWorkShiftCreationNameExisted" time="5.850"/>
  <testcase classname="TestAdmin.TestWorkShift" name="testWorkShiftCreationInvalidShift" time="7.938"/>
</testsuite> <!-- TestAdmin.TestWorkShift -->
