<?xml version="1.0" encoding="UTF-8"?>
<!-- Generated by org.testng.reporters.JUnitReportReporter -->
<testsuite hostname="MohamedJamal" failures="0" tests="1" name="TestAdmin.TestCorporateBranding" time="20.039" errors="0" timestamp="2025-02-15T22:19:22 EET" skipped="0">
  <testcase classname="TestAdmin.TestCorporateBranding" name="testEditCorporateBranding" time="20.039"/>
</testsuite> <!-- TestAdmin.TestCorporateBranding -->
