<?xml version="1.0" encoding="UTF-8"?>
<!-- Generated by org.testng.reporters.JUnitReportReporter -->
<testsuite hostname="MohamedJamal" failures="0" tests="1" name="org.groupID.testArtifactID.TestCategories" time="16.366" errors="0" timestamp="2025-01-06T21:26:01 EET" skipped="0">
  <testcase classname="org.groupID.testArtifactID.TestCategories" name="getProductDetails" time="16.366"/>
</testsuite> <!-- org.groupID.testArtifactID.TestCategories -->
